21-April-23 01:10:24 - INFO:  ---------------------------------------------------------------------------------------------------
21-April-23 01:10:24 - INFO:  key_space_inf:40.46916961669922
21-April-23 01:10:24 - INFO:  flush_all:10.898828506469727
21-April-23 01:10:24 - INFO:  key_space_inf:8.99958610534668
21-April-23 01:10:47 - INFO:  ---------------------------------------------------------------------------------------------------
21-April-23 01:10:47 - INFO:  flush_all:36.338090896606445
21-April-23 01:10:47 - INFO:  set_multiples:11.646747589111328
21-April-23 01:10:47 - INFO:  key_space_inf:12.72892951965332
21-April-23 01:10:47 - INFO:  key_space_inf:12.067079544067383
21-April-23 01:12:00 - INFO:  ---------------------------------------------------------------------------------------------------
21-April-23 01:12:00 - INFO:  flush_all:43.280601501464844
21-April-23 01:12:00 - INFO:  set_multiples:14.999151229858398
21-April-23 01:12:00 - INFO:  key_space_inf:9.99903678894043
21-April-23 01:12:00 - INFO:  key_space_inf:10.999917984008789
21-April-23 01:12:18 - INFO:  ---------------------------------------------------------------------------------------------------
21-April-23 01:12:18 - INFO:  flush_all:33.55717658996582
21-April-23 01:12:18 - INFO:  set_multiples:12.999534606933594
21-April-23 01:12:18 - INFO:  key_space_inf:17.3947811126709
21-April-23 01:12:18 - INFO:  key_space_inf:10.999679565429688
21-April-23 01:13:19 - INFO:  ---------------------------------------------------------------------------------------------------
21-April-23 01:13:19 - INFO:  flush_all:38.277387619018555
21-April-23 01:13:19 - INFO:  set_multiples:28.201580047607422
21-April-23 01:13:19 - INFO:  key_space_inf:16.95704460144043
21-April-23 01:13:19 - INFO:  key_space_inf:16.45183563232422
21-April-23 01:13:25 - INFO:  ---------------------------------------------------------------------------------------------------
21-April-23 01:13:25 - INFO:  flush_all:31.53824806213379
21-April-23 01:13:25 - INFO:  set_multiples:25.961637496948242
21-April-23 01:13:25 - INFO:  key_space_inf:15.076637268066406
21-April-23 01:13:25 - INFO:  key_space_inf:16.785621643066406
21-April-23 01:13:44 - INFO:  ---------------------------------------------------------------------------------------------------
21-April-23 01:13:44 - INFO:  flush_all:37.550926208496094
21-April-23 01:13:44 - INFO:  set_multiples:21.03137969970703
21-April-23 01:13:44 - INFO:  key_space_inf:10.97559928894043
21-April-23 01:13:44 - INFO:  key_space_inf:12.390851974487305
21-April-23 01:14:03 - INFO:  ---------------------------------------------------------------------------------------------------
21-April-23 01:14:03 - INFO:  flush_all:33.52665901184082
21-April-23 01:14:03 - INFO:  set_multiples:46.88882827758789
21-April-23 01:14:03 - INFO:  key_space_inf:7.613658905029297
21-April-23 01:14:03 - INFO:  key_space_inf:8.905887603759766
21-April-23 01:14:40 - INFO:  ---------------------------------------------------------------------------------------------------
21-April-23 01:14:40 - INFO:  flush_all:31.594514846801758
21-April-23 01:14:40 - INFO:  key_space_inf:14.029741287231445
21-April-23 01:14:40 - INFO:  set_multiples:53.946495056152344
21-April-23 01:14:40 - INFO:  key_space_inf:9.000539779663086
21-April-23 01:14:40 - INFO:  key_space_inf:9.112358093261719
21-April-23 01:15:38 - INFO:  ---------------------------------------------------------------------------------------------------
21-April-23 01:15:38 - INFO:  flush_all:37.99152374267578
21-April-23 01:15:38 - INFO:  key_space_inf:12.127876281738281
21-April-23 01:15:39 - INFO:  set_multiples:303.18737030029297
21-April-23 01:15:39 - INFO:  key_space_inf:8.968114852905273
21-April-23 01:15:39 - INFO:  key_space_inf:8.147716522216797
21-April-23 01:15:56 - INFO:  ---------------------------------------------------------------------------------------------------
21-April-23 01:15:56 - INFO:  flush_all:42.14143753051758
21-April-23 01:15:56 - INFO:  key_space_inf:14.92452621459961
21-April-23 01:15:56 - INFO:  set_multiples:277.6637077331543
21-April-23 01:15:56 - INFO:  key_space_inf:10.068655014038086
21-April-23 01:15:56 - INFO:  key_space_inf:8.604764938354492
21-April-23 01:17:11 - INFO:  ---------------------------------------------------------------------------------------------------
21-April-23 01:17:11 - INFO:  flush_all:15.053272247314453
21-April-23 01:17:11 - INFO:  key_space_inf:3.8390159606933594
21-April-23 01:17:11 - INFO:  set_multiples:45.3338623046875
21-April-23 01:17:11 - INFO:  key_space_inf:3.2727718353271484
21-April-23 01:17:11 - INFO:  key_space_inf:3.5538673400878906
21-April-23 01:17:38 - INFO:  ---------------------------------------------------------------------------------------------------
21-April-23 01:17:38 - INFO:  flush_all:14.700174331665039
21-April-23 01:17:38 - INFO:  key_space_inf:4.016399383544922
21-April-23 01:17:38 - INFO:  set_multiples:14.075040817260742
21-April-23 01:17:38 - INFO:  key_space_inf:6.938934326171875
21-April-23 01:17:38 - INFO:  key_space_inf:4.998445510864258
21-April-23 01:17:54 - INFO:  ---------------------------------------------------------------------------------------------------
21-April-23 01:17:54 - INFO:  flush_all:12.61281967163086
21-April-23 01:17:54 - INFO:  key_space_inf:3.0040740966796875
21-April-23 01:17:54 - INFO:  set_multiples:4.003047943115234
21-April-23 01:17:54 - INFO:  key_space_inf:3.596782684326172
21-April-23 01:17:54 - INFO:  key_space_inf:3.0393600463867188
21-April-23 01:18:01 - INFO:  ---------------------------------------------------------------------------------------------------
21-April-23 01:18:01 - INFO:  flush_all:15.132904052734375
21-April-23 01:18:01 - INFO:  key_space_inf:3.986835479736328
21-April-23 01:18:01 - INFO:  set_multiples:4.067420959472656
21-April-23 01:18:01 - INFO:  key_space_inf:4.702568054199219
21-April-23 01:18:01 - INFO:  key_space_inf:4.003047943115234
21-April-23 01:19:46 - INFO:  ---------------------------------------------------------------------------------------------------
21-April-23 01:19:46 - INFO:  flush_all:27.677059173583984
21-April-23 01:19:46 - INFO:  key_space_inf:9.041070938110352
21-April-23 01:19:46 - INFO:  set_multiples:11.410713195800781
21-April-23 01:19:46 - INFO:  key_space_inf:9.942770004272461
21-April-23 01:19:46 - INFO:  key_space_inf:11.921882629394531
21-April-23 01:20:12 - INFO:  ---------------------------------------------------------------------------------------------------
21-April-23 01:20:12 - INFO:  flush_all:25.105714797973633
21-April-23 01:20:12 - INFO:  key_space_inf:6.004810333251953
21-April-23 01:20:12 - INFO:  set_multiples:11.620759963989258
21-April-23 01:20:12 - INFO:  key_space_inf:7.0018768310546875
21-April-23 01:20:12 - INFO:  key_space_inf:7.544040679931641
21-April-23 01:20:26 - INFO:  ---------------------------------------------------------------------------------------------------
21-April-23 01:20:26 - INFO:  flush_all:22.790908813476562
21-April-23 01:20:26 - INFO:  key_space_inf:6.944894790649414
21-April-23 01:20:26 - INFO:  set_multiples:41.08262062072754
21-April-23 01:20:26 - INFO:  key_space_inf:6.010293960571289
21-April-23 01:20:26 - INFO:  key_space_inf:6.999015808105469
21-April-23 09:26:45 - INFO:  ---------------------------------------------------------------------------------------------------
21-April-23 09:26:45 - INFO:  set_to:9.50002670288086
21-April-23 09:26:45 - INFO:  set_multiples:49.646615982055664
21-April-23 09:26:45 - INFO:  get_single:1.9640922546386719
21-April-23 09:26:45 - INFO:  get_multiple:32.04178810119629
21-April-23 09:26:45 - INFO:  get_range:10.300636291503906
21-April-23 09:26:45 - INFO:  del_single:8.00013542175293
21-April-23 09:26:45 - INFO:  del_multiple:7.762432098388672
21-April-23 09:27:20 - INFO:  ---------------------------------------------------------------------------------------------------
21-April-23 09:27:20 - INFO:  set_to:8.257150650024414
21-April-23 09:27:20 - INFO:  set_multiples:71.73037528991699
21-April-23 09:27:20 - INFO:  get_single:2.9833316802978516
21-April-23 09:27:20 - INFO:  get_multiple:57.084083557128906
21-April-23 09:27:20 - INFO:  get_range:14.524698257446289
21-April-23 09:27:20 - INFO:  del_single:0.9996891021728516
21-April-23 09:27:20 - INFO:  del_multiple:11.493206024169922
21-April-23 09:29:01 - INFO:  ---------------------------------------------------------------------------------------------------
21-April-23 09:29:01 - INFO:  set_to:8.989095687866211
21-April-23 09:29:01 - INFO:  set_multiples:61.936140060424805
21-April-23 09:29:01 - INFO:  get_single:4.989385604858398
21-April-23 09:29:01 - INFO:  get_multiple:54.540395736694336
21-April-23 09:29:01 - INFO:  get_range:21.404027938842773
21-April-23 09:29:01 - INFO:  del_single:4.432916641235352
21-April-23 09:29:01 - INFO:  del_multiple:18.450498580932617
