10-April-23 13:38:04 - INFO:  ---------------------------------------------------------------------------------------------------
10-April-23 13:38:04 - INFO:  key_space_inf:0.03643699991516769
10-April-23 13:38:04 - INFO:  flush_all:0.00990879989694804
10-April-23 13:38:04 - INFO:  key_space_inf:0.009151400066912174
10-April-23 13:38:31 - INFO:  ---------------------------------------------------------------------------------------------------
10-April-23 13:38:31 - INFO:  init:8.00006091594696e-07
10-April-23 13:38:31 - INFO:  set_multiples:7.300055585801601e-06
10-April-23 13:38:42 - INFO:  ---------------------------------------------------------------------------------------------------
10-April-23 13:38:42 - INFO:  key_space_inf:0.03421129996422678
10-April-23 13:38:42 - INFO:  flush_all:0.010107800015248358
10-April-23 13:38:42 - INFO:  key_space_inf:0.009266600012779236
10-April-23 13:39:27 - INFO:  ---------------------------------------------------------------------------------------------------
10-April-23 13:39:27 - INFO:  init:6.00004568696022e-07
10-April-23 13:39:27 - INFO:  set_multiples:1.700012944638729e-06
10-April-23 13:40:27 - INFO:  ---------------------------------------------------------------------------------------------------
10-April-23 13:40:27 - INFO:  init:6.00004568696022e-07
10-April-23 13:40:27 - INFO:  set_multiples:1.600012183189392e-06
10-April-23 13:41:09 - INFO:  ---------------------------------------------------------------------------------------------------
10-April-23 13:41:09 - INFO:  init:7.00005330145359e-07
10-April-23 13:41:09 - INFO:  set_multiples:1.700012944638729e-06
10-April-23 13:43:14 - INFO:  ---------------------------------------------------------------------------------------------------
10-April-23 13:43:14 - INFO:  init:6.998889148235321e-07
10-April-23 13:43:14 - INFO:  set_multiples:1.700012944638729e-06
10-April-23 13:46:17 - INFO:  ---------------------------------------------------------------------------------------------------
10-April-23 13:46:17 - INFO:  init:7.00005330145359e-07
10-April-23 13:46:17 - INFO:  set_multiples:1.600012183189392e-06
10-April-23 13:49:20 - INFO:  ---------------------------------------------------------------------------------------------------
10-April-23 13:49:20 - INFO:  init:9.00006853044033e-07
10-April-23 13:49:20 - INFO:  set_multiples:1.600012183189392e-06
10-April-23 13:49:42 - INFO:  ---------------------------------------------------------------------------------------------------
10-April-23 13:49:42 - INFO:  init:5.00003807246685e-07
10-April-23 13:49:42 - INFO:  set_multiples:1.600012183189392e-06
10-April-23 13:51:35 - INFO:  ---------------------------------------------------------------------------------------------------
10-April-23 13:51:35 - INFO:  init:9.00006853044033e-07
10-April-23 13:51:35 - INFO:  set_multiples:5.100038833916187e-06
10-April-23 13:51:45 - INFO:  ---------------------------------------------------------------------------------------------------
10-April-23 13:51:45 - INFO:  init:7.00005330145359e-07
10-April-23 13:51:45 - INFO:  set_multiples:1.600012183189392e-06
10-April-23 13:52:02 - INFO:  ---------------------------------------------------------------------------------------------------
10-April-23 13:52:02 - INFO:  init:7.00005330145359e-07
10-April-23 13:52:02 - INFO:  set_multiples:1.999898813664913e-06
10-April-23 13:52:41 - INFO:  ---------------------------------------------------------------------------------------------------
10-April-23 13:52:41 - INFO:  init:7.00005330145359e-07
10-April-23 13:52:41 - INFO:  set_multiples:2.00001522898674e-06
10-April-23 13:52:48 - INFO:  ---------------------------------------------------------------------------------------------------
10-April-23 13:52:48 - INFO:  key_space_inf:0.03565929993055761
10-April-23 13:52:48 - INFO:  flush_all:0.010678800055757165
10-April-23 13:52:48 - INFO:  key_space_inf:0.009158200002275407
10-April-23 13:54:42 - INFO:  ---------------------------------------------------------------------------------------------------
10-April-23 13:54:42 - INFO:  key_space_inf:0.03636759996879846
10-April-23 13:54:42 - INFO:  flush_all:0.010112999938428402
10-April-23 13:54:42 - INFO:  key_space_inf:0.009554100106470287
10-April-23 13:54:49 - INFO:  ---------------------------------------------------------------------------------------------------
10-April-23 13:54:49 - INFO:  init:5.00003807246685e-07
10-April-23 13:54:49 - INFO:  set_multiples:1.500011421740055e-06
10-April-23 13:54:49 - INFO:  get_multiple:3.100023604929447e-06
10-April-23 13:56:58 - INFO:  ---------------------------------------------------------------------------------------------------
10-April-23 13:56:58 - INFO:  init:6.00004568696022e-07
10-April-23 13:57:19 - INFO:  ---------------------------------------------------------------------------------------------------
10-April-23 13:57:19 - INFO:  init:6.00004568696022e-07
10-April-23 13:57:38 - INFO:  ---------------------------------------------------------------------------------------------------
10-April-23 13:57:39 - INFO:  init:6.00004568696022e-07
10-April-23 13:57:39 - INFO:  get_multiple:1.100008375942707e-06
10-April-23 13:58:51 - INFO:  ---------------------------------------------------------------------------------------------------
10-April-23 13:59:05 - INFO:  ---------------------------------------------------------------------------------------------------
10-April-23 13:59:05 - INFO:  init:6.00004568696022e-07
10-April-23 13:59:05 - INFO:  set_multiples:1.400010660290718e-06
10-April-23 13:59:05 - INFO:  get_multiple:1.00000761449337e-06
10-April-23 13:59:44 - INFO:  ---------------------------------------------------------------------------------------------------
10-April-23 13:59:55 - INFO:  ---------------------------------------------------------------------------------------------------
10-April-23 14:04:12 - INFO:  ---------------------------------------------------------------------------------------------------
10-April-23 14:04:12 - INFO:  init:6.00004568696022e-07
10-April-23 14:04:12 - INFO:  set_multiples:1.500011421740055e-06
10-April-23 14:04:19 - INFO:  ---------------------------------------------------------------------------------------------------
10-April-23 14:04:19 - INFO:  init:7.00005330145359e-07
10-April-23 14:04:19 - INFO:  set_multiples:1.600012183189392e-06
10-April-23 14:04:36 - INFO:  ---------------------------------------------------------------------------------------------------
10-April-23 14:04:36 - INFO:  init:8.00006091594696e-07
10-April-23 14:04:36 - INFO:  set_multiples:1.800013706088066e-06
10-April-23 14:05:13 - INFO:  ---------------------------------------------------------------------------------------------------
10-April-23 14:05:13 - INFO:  init:6.00004568696022e-07
10-April-23 14:05:22 - INFO:  ---------------------------------------------------------------------------------------------------
10-April-23 14:05:22 - INFO:  init:7.00005330145359e-07
10-April-23 14:05:22 - INFO:  get_multiple:1.400010660290718e-06
10-April-23 14:05:41 - INFO:  ---------------------------------------------------------------------------------------------------
10-April-23 14:05:41 - INFO:  init:6.00004568696022e-07
10-April-23 14:05:41 - INFO:  get_multiple:1.100008375942707e-06
10-April-23 14:07:12 - INFO:  ---------------------------------------------------------------------------------------------------
10-April-23 14:07:12 - INFO:  init:6.00004568696022e-07
10-April-23 14:07:12 - INFO:  del_multiple:1.100008375942707e-06
10-April-23 14:07:24 - INFO:  ---------------------------------------------------------------------------------------------------
10-April-23 14:07:24 - INFO:  init:7.00005330145359e-07
10-April-23 14:07:24 - INFO:  del_multiple:1.00000761449337e-06
10-April-23 14:07:34 - INFO:  ---------------------------------------------------------------------------------------------------
10-April-23 14:07:34 - INFO:  init:7.00005330145359e-07
10-April-23 14:07:34 - INFO:  del_multiple:1.100008375942707e-06
10-April-23 14:08:04 - INFO:  ---------------------------------------------------------------------------------------------------
10-April-23 14:08:04 - INFO:  init:9.00006853044033e-07
10-April-23 14:08:04 - INFO:  del_multiple:1.100008375942707e-06
10-April-23 14:08:05 - INFO:  get_multiple:3.3999094739556313e-06
10-April-23 14:08:19 - INFO:  ---------------------------------------------------------------------------------------------------
10-April-23 14:08:19 - INFO:  init:7.00005330145359e-07
10-April-23 14:08:19 - INFO:  get_multiple:1.200009137392044e-06
10-April-23 14:08:28 - INFO:  ---------------------------------------------------------------------------------------------------
10-April-23 14:08:28 - INFO:  init:7.00005330145359e-07
10-April-23 14:08:33 - INFO:  ---------------------------------------------------------------------------------------------------
10-April-23 14:08:33 - INFO:  init:7.00005330145359e-07
10-April-23 14:08:33 - INFO:  get_single:1.100008375942707e-06
10-April-23 14:09:28 - INFO:  ---------------------------------------------------------------------------------------------------
10-April-23 14:09:28 - INFO:  init:8.00006091594696e-07
10-April-23 14:09:37 - INFO:  ---------------------------------------------------------------------------------------------------
10-April-23 14:09:37 - INFO:  init:6.00004568696022e-07
10-April-23 14:09:50 - INFO:  ---------------------------------------------------------------------------------------------------
10-April-23 14:09:50 - INFO:  init:8.00006091594696e-07
10-April-23 14:09:50 - INFO:  set_to:1.500011421740055e-06
10-April-23 14:11:16 - INFO:  ---------------------------------------------------------------------------------------------------
10-April-23 14:11:16 - INFO:  init:6.00004568696022e-07
10-April-23 14:11:28 - INFO:  ---------------------------------------------------------------------------------------------------
10-April-23 14:11:28 - INFO:  init:7.00005330145359e-07
10-April-23 14:11:28 - INFO:  get_single:1.100008375942707e-06
10-April-23 14:12:34 - INFO:  ---------------------------------------------------------------------------------------------------
10-April-23 14:12:34 - INFO:  init:6.00004568696022e-07
10-April-23 14:12:34 - INFO:  get_range:1.300009898841381e-06
10-April-23 14:12:40 - INFO:  ---------------------------------------------------------------------------------------------------
10-April-23 14:12:40 - INFO:  init:7.00005330145359e-07
10-April-23 14:12:40 - INFO:  get_range:1.200009137392044e-06
10-April-23 14:12:57 - INFO:  ---------------------------------------------------------------------------------------------------
10-April-23 14:12:57 - INFO:  init:6.00004568696022e-07
10-April-23 14:12:57 - INFO:  get_range:1.200009137392044e-06
10-April-23 14:13:14 - INFO:  ---------------------------------------------------------------------------------------------------
10-April-23 14:13:14 - INFO:  init:7.00005330145359e-07
10-April-23 14:13:14 - INFO:  get_range:1.200009137392044e-06
10-April-23 14:13:39 - INFO:  ---------------------------------------------------------------------------------------------------
10-April-23 14:13:39 - INFO:  init:8.00006091594696e-07
10-April-23 14:13:39 - INFO:  set_multiples:1.500011421740055e-06
10-April-23 14:13:47 - INFO:  ---------------------------------------------------------------------------------------------------
10-April-23 14:13:47 - INFO:  init:6.00004568696022e-07
10-April-23 14:13:47 - INFO:  get_range:1.200009137392044e-06
10-April-23 14:13:53 - INFO:  ---------------------------------------------------------------------------------------------------
10-April-23 14:13:53 - INFO:  init:7.00005330145359e-07
10-April-23 14:13:53 - INFO:  get_range:1.200009137392044e-06
10-April-23 14:14:05 - INFO:  ---------------------------------------------------------------------------------------------------
10-April-23 14:14:05 - INFO:  init:6.00004568696022e-07
10-April-23 14:14:05 - INFO:  get_range:1.200009137392044e-06
10-April-23 14:14:14 - INFO:  ---------------------------------------------------------------------------------------------------
10-April-23 14:14:14 - INFO:  init:6.00004568696022e-07
10-April-23 14:14:14 - INFO:  get_range:1.100008375942707e-06
10-April-23 14:14:55 - INFO:  ---------------------------------------------------------------------------------------------------
10-April-23 14:14:55 - INFO:  init:6.00004568696022e-07
10-April-23 14:14:55 - INFO:  get_range:1.200009137392044e-06
10-April-23 14:15:03 - INFO:  ---------------------------------------------------------------------------------------------------
10-April-23 14:15:03 - INFO:  init:8.00006091594696e-07
10-April-23 14:15:03 - INFO:  get_range:1.300009898841381e-06
10-April-23 14:15:10 - INFO:  ---------------------------------------------------------------------------------------------------
10-April-23 14:15:10 - INFO:  init:6.00004568696022e-07
10-April-23 14:15:10 - INFO:  get_range:1.00000761449337e-06
10-April-23 14:16:04 - INFO:  ---------------------------------------------------------------------------------------------------
10-April-23 14:16:04 - INFO:  init:6.00004568696022e-07
10-April-23 14:16:04 - INFO:  get_range:1.600012183189392e-06
10-April-23 14:16:26 - INFO:  ---------------------------------------------------------------------------------------------------
10-April-23 14:16:26 - INFO:  init:7.00005330145359e-07
10-April-23 14:16:26 - INFO:  get_range:1.200009137392044e-06
10-April-23 14:16:36 - INFO:  ---------------------------------------------------------------------------------------------------
10-April-23 14:16:36 - INFO:  init:6.00004568696022e-07
10-April-23 14:16:36 - INFO:  get_range:1.200009137392044e-06
10-April-23 14:16:53 - INFO:  ---------------------------------------------------------------------------------------------------
10-April-23 14:16:53 - INFO:  init:6.00004568696022e-07
10-April-23 14:16:53 - INFO:  get_range:1.200009137392044e-06
10-April-23 14:17:18 - INFO:  ---------------------------------------------------------------------------------------------------
10-April-23 14:17:18 - INFO:  init:1.100008375942707e-06
10-April-23 14:17:18 - INFO:  get_range:1.100008375942707e-06
10-April-23 14:17:34 - INFO:  ---------------------------------------------------------------------------------------------------
10-April-23 14:17:34 - INFO:  init:7.00005330145359e-07
10-April-23 14:17:34 - INFO:  get_range:1.700012944638729e-06
10-April-23 14:17:38 - INFO:  ---------------------------------------------------------------------------------------------------
10-April-23 14:17:38 - INFO:  init:6.00004568696022e-07
10-April-23 14:17:38 - INFO:  get_range:1.00000761449337e-06
10-April-23 14:17:45 - INFO:  ---------------------------------------------------------------------------------------------------
10-April-23 14:17:45 - INFO:  init:7.00005330145359e-07
10-April-23 14:17:45 - INFO:  get_range:1.1998927220702171e-06
10-April-23 14:17:52 - INFO:  ---------------------------------------------------------------------------------------------------
10-April-23 14:17:52 - INFO:  init:9.00006853044033e-07
10-April-23 14:17:52 - INFO:  get_range:1.400010660290718e-06
10-April-23 14:18:12 - INFO:  ---------------------------------------------------------------------------------------------------
10-April-23 14:18:12 - INFO:  init:7.00005330145359e-07
10-April-23 14:18:12 - INFO:  get_range:1.100008375942707e-06
10-April-23 14:18:29 - INFO:  ---------------------------------------------------------------------------------------------------
10-April-23 14:18:29 - INFO:  init:6.00004568696022e-07
10-April-23 14:18:29 - INFO:  get_range:1.200009137392044e-06
10-April-23 14:18:34 - INFO:  ---------------------------------------------------------------------------------------------------
10-April-23 14:18:34 - INFO:  init:6.00004568696022e-07
10-April-23 14:18:34 - INFO:  get_range:1.200009137392044e-06
10-April-23 14:19:26 - INFO:  ---------------------------------------------------------------------------------------------------
10-April-23 14:19:26 - INFO:  init:7.00005330145359e-07
10-April-23 14:19:26 - INFO:  del_single:1.100008375942707e-06
10-April-23 14:19:38 - INFO:  ---------------------------------------------------------------------------------------------------
10-April-23 14:19:38 - INFO:  init:6.00004568696022e-07
10-April-23 14:19:38 - INFO:  del_single:1.00000761449337e-06
10-April-23 14:19:49 - INFO:  ---------------------------------------------------------------------------------------------------
10-April-23 14:19:49 - INFO:  init:6.00004568696022e-07
10-April-23 14:19:49 - INFO:  del_single:1.100008375942707e-06
10-April-23 14:20:11 - INFO:  ---------------------------------------------------------------------------------------------------
10-April-23 14:20:11 - INFO:  key_space_inf:0.03315850009676069
10-April-23 14:20:11 - INFO:  flush_all:0.010931500000879169
10-April-23 14:20:11 - INFO:  key_space_inf:0.014697699923999608
10-April-23 14:20:24 - INFO:  ---------------------------------------------------------------------------------------------------
10-April-23 14:20:24 - INFO:  key_space_inf:0.03463869995903224
10-April-23 14:20:25 - INFO:  flush_all:0.016000400064513087
10-April-23 14:20:25 - INFO:  key_space_inf:0.013923599966801703
10-April-23 14:20:44 - INFO:  ---------------------------------------------------------------------------------------------------
10-April-23 14:20:44 - INFO:  init:7.00005330145359e-07
10-April-23 14:20:44 - INFO:  set_multiples:1.500011421740055e-06
10-April-23 14:20:57 - INFO:  ---------------------------------------------------------------------------------------------------
10-April-23 14:20:57 - INFO:  init:6.00004568696022e-07
10-April-23 14:20:57 - INFO:  del_multiple:1.00000761449337e-06
10-April-23 14:21:03 - INFO:  ---------------------------------------------------------------------------------------------------
10-April-23 14:21:03 - INFO:  key_space_inf:0.03564749995712191
10-April-23 14:21:03 - INFO:  flush_all:0.00997249991632998
10-April-23 14:21:03 - INFO:  key_space_inf:0.009750599972903728
10-April-23 14:21:25 - INFO:  ---------------------------------------------------------------------------------------------------
10-April-23 14:21:25 - INFO:  init:7.00005330145359e-07
10-April-23 14:21:25 - INFO:  del_multiple:1.300009898841381e-06
10-April-23 14:21:35 - INFO:  ---------------------------------------------------------------------------------------------------
10-April-23 14:21:35 - INFO:  init:6.00004568696022e-07
10-April-23 14:21:35 - INFO:  del_multiple:1.400010660290718e-06
10-April-23 14:21:35 - INFO:  set_to:2.599903382360935e-06
10-April-23 16:05:26 - INFO:  ---------------------------------------------------------------------------------------------------
10-April-23 16:05:26 - INFO:  init:9.00006853044033e-07
10-April-23 16:05:26 - INFO:  del_multiple:1.600012183189392e-06
10-April-23 16:11:17 - INFO:  ---------------------------------------------------------------------------------------------------
10-April-23 16:11:17 - INFO:  init:7.00005330145359e-07
10-April-23 16:13:51 - INFO:  set_to:2.400018274784088e-06
10-April-23 16:14:59 - INFO:  set_to:1.7998972907662392e-06
10-April-23 16:49:25 - INFO:  ---------------------------------------------------------------------------------------------------
10-April-23 16:49:25 - INFO:  init:8.00006091594696e-07
10-April-23 16:51:02 - INFO:  set_to:1.800013706088066e-06
10-April-23 16:51:26 - INFO:  set_to:1.300009898841381e-06
10-April-23 16:52:05 - INFO:  set_to:2.100015990436077e-06
10-April-23 16:55:31 - INFO:  set_to:2.100015990436077e-06
10-April-23 16:56:05 - INFO:  set_to:6.300047971308231e-06
10-April-23 16:56:05 - INFO:  set_multiples:2.200016751885414e-06
10-April-23 16:56:08 - INFO:  set_to:1.500011421740055e-06
10-April-23 16:56:09 - INFO:  set_multiples:2.100015990436077e-06
10-April-23 16:58:58 - INFO:  set_multiples:2.499902620911598e-06
10-April-23 16:59:23 - INFO:  set_to:1.400010660290718e-06
10-April-23 16:59:39 - INFO:  set_to:1.400010660290718e-06
10-April-23 17:04:30 - INFO:  ---------------------------------------------------------------------------------------------------
10-April-23 17:04:30 - INFO:  init:7.00005330145359e-07
10-April-23 17:05:16 - INFO:  ---------------------------------------------------------------------------------------------------
10-April-23 17:05:16 - INFO:  init:7.00005330145359e-07
10-April-23 17:05:34 - INFO:  set_to:3.400025889277458e-06
10-April-23 17:12:03 - INFO:  ---------------------------------------------------------------------------------------------------
10-April-23 17:12:03 - INFO:  init:6.00004568696022e-07
10-April-23 17:12:10 - INFO:  ---------------------------------------------------------------------------------------------------
10-April-23 17:12:10 - INFO:  init:6.00004568696022e-07
10-April-23 17:14:50 - INFO:  set_to:1.600012183189392e-06
10-April-23 17:15:02 - INFO:  set_to:1.500011421740055e-06
10-April-23 17:21:37 - INFO:  ---------------------------------------------------------------------------------------------------
10-April-23 17:21:37 - INFO:  init:5.998881533741951e-07
10-April-23 17:21:37 - INFO:  del_multiple:1.200009137392044e-06
10-April-23 17:21:56 - INFO:  ---------------------------------------------------------------------------------------------------
10-April-23 17:21:56 - INFO:  init:6.00004568696022e-07
10-April-23 17:21:56 - INFO:  get_multiple:4.599918611347675e-06
10-April-23 18:12:35 - INFO:  ---------------------------------------------------------------------------------------------------
10-April-23 18:12:35 - INFO:  init:6.00004568696022e-07
10-April-23 18:12:35 - INFO:  get_single:1.100008375942707e-06
10-April-23 18:13:08 - INFO:  ---------------------------------------------------------------------------------------------------
10-April-23 18:13:08 - INFO:  init:1.00000761449337e-06
10-April-23 18:13:08 - INFO:  get_single:1.0998919606208801e-06
10-April-23 18:13:18 - INFO:  ---------------------------------------------------------------------------------------------------
10-April-23 18:13:18 - INFO:  init:1.00000761449337e-06
10-April-23 18:13:18 - INFO:  get_single:1.00000761449337e-06
10-April-23 18:13:18 - INFO:  get_single:9.00006853044033e-07
10-April-23 18:13:28 - INFO:  ---------------------------------------------------------------------------------------------------
10-April-23 18:13:28 - INFO:  init:7.00005330145359e-07
10-April-23 18:13:28 - INFO:  get_single:1.00000761449337e-06
10-April-23 20:41:32 - INFO:  ---------------------------------------------------------------------------------------------------
10-April-23 20:41:32 - INFO:  init:1.600012183189392e-06
10-April-23 20:41:32 - INFO:  get_single:1.100008375942707e-06
10-April-23 20:41:55 - INFO:  ---------------------------------------------------------------------------------------------------
10-April-23 20:41:55 - INFO:  init:9.00006853044033e-07
10-April-23 20:41:55 - INFO:  get_single:1.100008375942707e-06
10-April-23 20:41:55 - INFO:  set_multiples:3.00002284348011e-06
10-April-23 20:42:42 - INFO:  ---------------------------------------------------------------------------------------------------
