11-April-23 09:05:15 - INFO:  ---------------------------------------------------------------------------------------------------
11-April-23 09:05:15 - INFO:  connect:1.0000003385357559e-06
11-April-23 09:05:27 - INFO:  ---------------------------------------------------------------------------------------------------
11-April-23 09:06:43 - INFO:  ---------------------------------------------------------------------------------------------------
11-April-23 09:06:43 - INFO:  connect:7.00005330145359e-07
11-April-23 09:06:43 - INFO:  get_single:1.400003384333104e-06
11-April-23 09:06:43 - INFO:  set_multiples:1.7999991541728377e-06
11-April-23 09:07:26 - INFO:  ---------------------------------------------------------------------------------------------------
11-April-23 09:07:26 - INFO:  connect:5.999972927384079e-07
11-April-23 09:07:26 - INFO:  get_single:1.3000026228837669e-06
11-April-23 09:07:26 - INFO:  set_multiples:1.400003384333104e-06
11-April-23 09:10:24 - INFO:  ---------------------------------------------------------------------------------------------------
11-April-23 09:10:24 - INFO:  connect:6.999980541877449e-07
11-April-23 09:10:24 - INFO:  get_single:2.0000006770715117e-06
11-April-23 09:10:24 - INFO:  set_multiples:1.7999991541728377e-06
11-April-23 09:10:35 - INFO:  ---------------------------------------------------------------------------------------------------
11-April-23 09:10:35 - INFO:  connect:6.999980541877449e-07
11-April-23 09:10:35 - INFO:  get_single:1.2000018614344299e-06
11-April-23 09:10:35 - INFO:  set_multiples:3.5999983083456755e-06
11-April-23 09:11:11 - INFO:  ---------------------------------------------------------------------------------------------------
11-April-23 09:11:11 - INFO:  connect:7.999988156370819e-07
11-April-23 09:11:11 - INFO:  get_single:1.3999961083754897e-06
11-April-23 09:11:11 - INFO:  set_multiples:1.5999976312741637e-06
11-April-23 09:11:18 - INFO:  ---------------------------------------------------------------------------------------------------
11-April-23 09:11:18 - INFO:  connect:6.00004568696022e-07
11-April-23 09:11:18 - INFO:  set_multiples:1.7999991541728377e-06
11-April-23 09:11:26 - INFO:  ---------------------------------------------------------------------------------------------------
11-April-23 09:11:26 - INFO:  connect:6.999980541877449e-07
11-April-23 09:11:33 - INFO:  ---------------------------------------------------------------------------------------------------
11-April-23 09:11:33 - INFO:  connect:1.0000003385357559e-06
11-April-23 09:11:42 - INFO:  ---------------------------------------------------------------------------------------------------
11-April-23 09:11:43 - INFO:  connect:7.00005330145359e-07
11-April-23 09:11:43 - INFO:  get_multiple:1.1999945854768157e-06
11-April-23 09:14:40 - INFO:  ---------------------------------------------------------------------------------------------------
11-April-23 09:14:40 - INFO:  connect:4.999965312890708e-07
11-April-23 09:17:05 - INFO:  set_to:1.1299998732283711e-05
11-April-23 09:17:23 - INFO:  set_to:1.700005668681115e-06
11-April-23 09:17:37 - INFO:  set_to:1.8999999156221747e-06
11-April-23 09:17:37 - INFO:  get_single:1.0000003385357559e-06
11-April-23 09:17:37 - INFO:  set_multiples:2.1000014385208488e-06
11-April-23 09:18:14 - INFO:  set_to:1.4999968698248267e-06
11-April-23 09:18:34 - INFO:  set_to:1.4999968698248267e-06
11-April-23 09:18:40 - INFO:  set_to:2.0000006770715117e-06
11-April-23 09:19:09 - INFO:  get_single:1.2000018614344299e-06
11-April-23 09:19:19 - INFO:  get_single:1.500004145782441e-06
11-April-23 09:24:06 - INFO:  ---------------------------------------------------------------------------------------------------
11-April-23 09:24:06 - INFO:  connect:5.999972927384079e-07
11-April-23 09:24:06 - INFO:  get_multiple:1.1999945854768157e-06
11-April-23 09:24:15 - INFO:  ---------------------------------------------------------------------------------------------------
11-April-23 09:24:15 - INFO:  connect:8.999995770864189e-07
11-April-23 09:24:15 - INFO:  get_single:2.3999964469112456e-06
11-April-23 09:24:15 - INFO:  get_multiple:4.800000169780105e-06
11-April-23 09:28:05 - INFO:  ---------------------------------------------------------------------------------------------------
11-April-23 09:28:05 - INFO:  connect:2.6999987312592566e-06
11-April-23 09:28:52 - INFO:  ---------------------------------------------------------------------------------------------------
11-April-23 09:28:52 - INFO:  connect:6.999980541877449e-07
11-April-23 09:28:52 - INFO:  get_single:4.0000013541430235e-06
11-April-23 09:28:52 - INFO:  get_multiple:1.0000003385357559e-06
11-April-23 09:36:05 - INFO:  ---------------------------------------------------------------------------------------------------
11-April-23 09:36:05 - INFO:  connect:5.999972927384079e-07
11-April-23 09:36:26 - INFO:  ---------------------------------------------------------------------------------------------------
11-April-23 09:36:26 - INFO:  connect:6.999980541877449e-07
11-April-23 09:36:33 - INFO:  ---------------------------------------------------------------------------------------------------
11-April-23 09:36:33 - INFO:  connect:6.00004568696022e-07
11-April-23 09:36:33 - INFO:  get_single:1.400003384333104e-06
11-April-23 09:36:33 - INFO:  get_multiple:1.1000010999850929e-06
11-April-23 09:36:53 - INFO:  ---------------------------------------------------------------------------------------------------
11-April-23 09:36:53 - INFO:  connect:5.999972927384079e-07
11-April-23 09:36:53 - INFO:  get_single:2.1000014385208488e-06
11-April-23 09:36:53 - INFO:  get_multiple:4.2000028770416975e-06
11-April-23 09:37:26 - INFO:  ---------------------------------------------------------------------------------------------------
11-April-23 09:37:27 - INFO:  connect:7.00005330145359e-07
11-April-23 09:37:27 - INFO:  get_multiple:1.5999976312741637e-06
11-April-23 09:37:27 - INFO:  get_single:3.7999998312443495e-06
11-April-23 09:40:56 - INFO:  ---------------------------------------------------------------------------------------------------
11-April-23 09:40:56 - INFO:  connect:5.999972927384079e-07
11-April-23 09:40:56 - INFO:  get_single:8.999995770864189e-07
11-April-23 09:41:54 - INFO:  ---------------------------------------------------------------------------------------------------
11-April-23 09:41:54 - INFO:  connect:6.999980541877449e-07
11-April-23 09:41:54 - INFO:  get_multiple:8.999995770864189e-07
11-April-23 09:42:23 - INFO:  ---------------------------------------------------------------------------------------------------
11-April-23 09:42:23 - INFO:  connect:6.00004568696022e-07
11-April-23 09:42:23 - INFO:  get_multiple:1.1000010999850929e-06
11-April-23 09:43:25 - INFO:  ---------------------------------------------------------------------------------------------------
11-April-23 09:43:25 - INFO:  get_multiple:1.0000003385357559e-06
11-April-23 09:44:09 - INFO:  ---------------------------------------------------------------------------------------------------
11-April-23 09:44:09 - INFO:  get_multiple:1.0000003385357559e-06
11-April-23 09:44:09 - INFO:  get_single:2.4999972083605826e-06
11-April-23 09:45:02 - INFO:  ---------------------------------------------------------------------------------------------------
11-April-23 09:45:02 - INFO:  get_multiple:8.999995770864189e-07
11-April-23 09:45:02 - INFO:  get_single:4.399997123982757e-06
11-April-23 09:47:07 - INFO:  ---------------------------------------------------------------------------------------------------
11-April-23 09:48:45 - INFO:  ---------------------------------------------------------------------------------------------------
11-April-23 09:48:52 - INFO:  get_single:1.2999953469261527e-06
11-April-23 09:49:13 - INFO:  get_single:1.3000026228837669e-06
11-April-23 09:49:35 - INFO:  get_single:1.2000018614344299e-06
11-April-23 09:49:39 - INFO:  get_single:1.400003384333104e-06
11-April-23 09:49:54 - INFO:  get_single:1.400003384333104e-06
11-April-23 09:50:18 - INFO:  get_single:1.400003384333104e-06
11-April-23 09:50:24 - INFO:  ---------------------------------------------------------------------------------------------------
11-April-23 09:50:25 - INFO:  get_single:1.3000026228837669e-06
11-April-23 09:50:30 - INFO:  get_single:1.3000026228837669e-06
11-April-23 09:52:40 - INFO:  ---------------------------------------------------------------------------------------------------
11-April-23 09:52:51 - INFO:  set_multiples:1.600004907231778e-06
11-April-23 09:53:26 - INFO:  set_multiples:1.6999983927235007e-06
11-April-23 09:54:46 - INFO:  ---------------------------------------------------------------------------------------------------
11-April-23 09:54:50 - INFO:  set_multiples:0.10012020000431221
11-April-23 09:55:42 - INFO:  set_multiples:0.2905308000044897
11-April-23 09:56:16 - INFO:  set_to:0.001993399993807543
11-April-23 10:00:54 - INFO:  set_to:0.002423999998427462
11-April-23 10:00:56 - INFO:  set_to:0.0019078999976045452
11-April-23 10:00:57 - INFO:  set_to:0.0018963999973493628
11-April-23 10:00:59 - INFO:  set_to:0.001980000000912696
11-April-23 10:01:01 - INFO:  set_to:0.0022373999963747337
11-April-23 10:01:02 - INFO:  set_to:0.0020839999997406267
11-April-23 10:01:04 - INFO:  set_to:0.002230799997050781
11-April-23 10:02:12 - INFO:  set_to:0.001995600003283471
11-April-23 10:03:02 - INFO:  set_to:0.00223540000297362
11-April-23 10:03:05 - INFO:  set_to:0.0020184999957564287
11-April-23 10:03:06 - INFO:  set_to:0.0020433999961824156
11-April-23 10:03:08 - INFO:  set_to:0.0019155999980284832
11-April-23 10:03:09 - INFO:  set_to:0.0017264999987673946
11-April-23 10:04:04 - INFO:  set_multiples:0.04470189999847207
11-April-23 10:04:07 - INFO:  set_multiples:0.03845569999975851
11-April-23 10:07:22 - INFO:  set_to:0.002053600001090672
11-April-23 10:07:50 - INFO:  set_to:0.001898599999549333
11-April-23 10:07:50 - INFO:  set_multiples:0.038603600005444605
11-April-23 10:08:55 - INFO:  set_to:0.0018577000009827316
11-April-23 10:08:55 - INFO:  set_multiples:0.05887020000227494
11-April-23 10:08:57 - INFO:  set_to:0.0021004000009270385
11-April-23 10:08:57 - INFO:  set_multiples:0.04495630000019446
11-April-23 10:10:00 - INFO:  set_to:0.002212100000178907
11-April-23 10:10:21 - INFO:  set_multiples:0.03870710000046529
11-April-23 10:11:30 - INFO:  get_single:0.002048900001682341
11-April-23 10:12:58 - INFO:  get_multiple:0.04691550000279676
11-April-23 10:14:01 - INFO:  get_single:0.0020218999998178333
11-April-23 10:14:08 - INFO:  get_single:0.003347800004121382
11-April-23 10:14:12 - INFO:  get_single:0.0020234999974491075
11-April-23 10:14:42 - INFO:  get_range:0.002568000003520865
11-April-23 10:14:42 - INFO:  get_range:0.04286529999808408
11-April-23 10:14:42 - INFO:  get_range:0.04431910000130301
11-April-23 10:14:42 - INFO:  get_range:0.05008169999928214
11-April-23 10:14:42 - INFO:  get_range:0.04365279999910854
11-April-23 10:14:42 - INFO:  get_range:0.04080529999919236
11-April-23 10:14:42 - INFO:  get_range:0.05686019999848213
11-April-23 10:14:42 - INFO:  get_range:0.0410254000016721
11-April-23 10:14:42 - INFO:  get_range:0.04157180000038352
11-April-23 10:14:42 - INFO:  get_range:0.043002699996577576
11-April-23 10:14:43 - INFO:  get_range:0.041887499995937105
11-April-23 10:15:36 - INFO:  get_range:0.04870459999801824
11-April-23 10:15:36 - INFO:  get_range:0.0434804999968037
11-April-23 10:15:36 - INFO:  get_range:0.04550930000550579
11-April-23 10:15:36 - INFO:  get_range:0.04541289999906439
11-April-23 10:15:36 - INFO:  get_range:0.04073600000265287
11-April-23 10:15:37 - INFO:  get_range:0.04357030000392115
11-April-23 10:15:37 - INFO:  get_range:0.04308850000234088
11-April-23 10:15:37 - INFO:  get_range:0.04270150000229478
11-April-23 10:15:37 - INFO:  get_range:0.040377799996349495
11-April-23 10:15:37 - INFO:  get_range:0.042204299999866635
11-April-23 10:15:37 - INFO:  get_range:0.04162469999573659
11-April-23 10:18:12 - INFO:  del_multiple:0.00221130000136327
11-April-23 10:18:12 - INFO:  del_single:0.0025091999996220693
11-April-23 10:18:31 - INFO:  del_multiple:0.0024348000006284565
11-April-23 10:18:31 - INFO:  del_single:0.00232980000146199
