14-April-23 16:14:11 - INFO:  ---------------------------------------------------------------------------------------------------
14-April-23 16:14:17 - INFO:  ---------------------------------------------------------------------------------------------------
14-April-23 16:14:37 - INFO:  ---------------------------------------------------------------------------------------------------
14-April-23 16:14:37 - INFO:  set_to:0.013394900015555322
14-April-23 16:16:14 - INFO:  ---------------------------------------------------------------------------------------------------
14-April-23 16:16:14 - INFO:  set_to:0.008057799946982414
14-April-23 16:17:09 - INFO:  ---------------------------------------------------------------------------------------------------
14-April-23 16:17:09 - INFO:  set_to:0.010917600011453032
14-April-23 16:17:10 - INFO:  ---------------------------------------------------------------------------------------------------
14-April-23 16:17:10 - INFO:  set_to:0.008713100047316402
14-April-23 16:17:11 - INFO:  ---------------------------------------------------------------------------------------------------
14-April-23 16:17:11 - INFO:  set_to:0.008179299999028444
14-April-23 16:17:12 - INFO:  ---------------------------------------------------------------------------------------------------
14-April-23 16:17:12 - INFO:  set_to:0.008183899975847453
14-April-23 16:17:14 - INFO:  ---------------------------------------------------------------------------------------------------
14-April-23 16:17:14 - INFO:  set_to:0.00822719995630905
14-April-23 16:17:15 - INFO:  ---------------------------------------------------------------------------------------------------
14-April-23 16:17:15 - INFO:  set_to:0.008078199985902756
14-April-23 16:17:16 - INFO:  ---------------------------------------------------------------------------------------------------
14-April-23 16:17:16 - INFO:  set_to:0.008201099990401417
14-April-23 16:17:18 - INFO:  ---------------------------------------------------------------------------------------------------
14-April-23 16:17:18 - INFO:  set_to:0.008446899999398738
14-April-23 16:17:19 - INFO:  ---------------------------------------------------------------------------------------------------
14-April-23 16:17:19 - INFO:  set_to:0.012982999964151531
14-April-23 16:17:21 - INFO:  ---------------------------------------------------------------------------------------------------
14-April-23 16:17:21 - INFO:  set_to:0.008627899980638176
14-April-23 16:17:22 - INFO:  ---------------------------------------------------------------------------------------------------
14-April-23 16:17:22 - INFO:  set_to:0.00970289995893836
14-April-23 16:17:25 - INFO:  ---------------------------------------------------------------------------------------------------
14-April-23 16:17:25 - INFO:  set_to:0.008130599977448583
14-April-23 16:17:27 - INFO:  ---------------------------------------------------------------------------------------------------
14-April-23 16:17:27 - INFO:  set_to:0.009198399959132075
14-April-23 16:20:07 - INFO:  ---------------------------------------------------------------------------------------------------
14-April-23 16:20:07 - INFO:  set_to:0.01280979998409748
14-April-23 16:20:07 - INFO:  set_multiples:0.098695199994836
14-April-23 16:20:07 - INFO:  get_single:0.001901899988297373
14-April-23 16:20:07 - INFO:  get_multiple:0.03922140004578978
14-April-23 16:20:08 - INFO:  get_range:0.012600199959706515
14-April-23 16:20:30 - INFO:  ---------------------------------------------------------------------------------------------------
14-April-23 16:20:30 - INFO:  set_to:0.009158700006082654
14-April-23 16:20:30 - INFO:  set_multiples:0.05425589997321367
14-April-23 16:20:30 - INFO:  get_single:0.0018119000014849007
14-April-23 16:20:30 - INFO:  get_multiple:0.0397083000279963
14-April-23 16:20:30 - INFO:  get_range:0.012527199985925108
14-April-23 16:20:30 - INFO:  del_single:0.0016590000013820827
14-April-23 16:20:30 - INFO:  del_multiple:0.011548200040124357
14-April-23 16:20:35 - INFO:  ---------------------------------------------------------------------------------------------------
14-April-23 16:20:36 - INFO:  set_to:0.008351499971468002
14-April-23 16:20:36 - INFO:  set_multiples:0.055355100019369274
14-April-23 16:20:36 - INFO:  get_single:0.0017666000057943165
14-April-23 16:20:36 - INFO:  get_multiple:0.039085399999748915
14-April-23 16:20:36 - INFO:  get_range:0.011970599996857345
14-April-23 16:20:36 - INFO:  del_single:0.0020320999901741743
14-April-23 16:20:36 - INFO:  del_multiple:0.014550700027029961
